tootooplus/proguard-project.txt
-optimizationpasses 5#指定代码的压缩级别
-dontusemixedcaseclassnames#混淆时候不会产生形形色色的类名
-dontskipnonpubliclibraryclassmembers#不混淆第三方的jar包
-dontskipnonpubliclibraryclasses#指定不去忽略非公共的类库
-dontpreverify#混淆是是否作预校验
-verbose#混淆是否记录日志
-optimizations !code/simplification/arithmetic,!field/*,!class/merging/*# 混淆的算法

-allowaccessmodification    #优化时允许访问并修改有修饰符的类和类的成员 



-keepattributes *Annotation*
-keep public class * extends android.app.Activity
-keep public class * extends android.app.Application
-keep public class * extends android.app.Service
-keep public class * extends android.content.BroadcastReceiver
-keep public class * extends android.content.ContentProvider
-keep public class * extends android.app.backup.BackupAgent
-keep public class * extends android.preference.Preference
-keep public class * extends android.support.v4.app.Fragment
-keep public class * extends android.app.Fragment
-keep public class com.android.vending.licensing.ILicensingService{*;}
-keep class android.support.v4.** { *; }
-dontwarn android.os.**
-keep class android.os.**{*;}
-keep interface android.support.v4.app.** { *; }
 
-keep class com.actionbarsherlock.** { *; }
 
-keep interface com.actionbarsherlock.** { *; }
 
-keep public class * extends android.app.Activity
 
-keep public class * extends android.support.v4.app.Fragment
 
-keep public class * extends android.support.v4.app.FragmentActivity
-keep public class com.ninetowns.tootooplus.fragment.PhoneListMineFragment

# For native methods, see http://proguard.sourceforge.net/manual/examples.html#native
-keepclasseswithmembernames class * {
    native <methods>;
}

-keep public class * extends android.view.View {
    public <init>(android.content.Context);
    public <init>(android.content.Context, android.util.AttributeSet);
    public <init>(android.content.Context, android.util.AttributeSet, int);
    public void set*(...);
}

-keepclasseswithmembers class * {
    public <init>(android.content.Context, android.util.AttributeSet);
}

-keepclasseswithmembers class * {
    public <init>(android.content.Context, android.util.AttributeSet, int);
}

-keepclassmembers class * extends android.app.Activity {
   public void *(android.view.View);
}

# For enumeration classes, see http://proguard.sourceforge.net/manual/examples.html#enumerations
-keepclassmembers enum * {
    public static **[] values();
    public static ** valueOf(java.lang.String);
}

-keep class * implements android.os.Parcelable {
  public static final android.os.Parcelable$Creator *;
}

-keepclassmembers class **.R$* {
    public static <fields>;
}
-keep class com.ninetowns.tootooplus.adapter.**{*;}
-keep class com.ninetowns.tootooplus.fragment.VideoStoryCreateFragment
-keep class com.ninetowns.tootooplus.fragment.VideoStoryCreateFragment

# The support library contains references to newer platform versions.
# Don't warn about those in case this app is linking against an older
# platform version.  We know about them, and they are safe.
-dontwarn android.support.**
#jar包 声明第三方jar包
################gson混淆##########################
#-libraryjars 'D:\Users\wuyulong\workspace\ninetowns_library\libs\gson-1.7.1.jar'
-keep class sun.misc.Unsafe { *; }
-keep class com.google.gson.stream.** { *; }
-keep class com.google.gson.examples.android.model.** { *; } 
-keep class com.google.gson.** { *;}
########umeng混淆##############
#-libraryjars 'D:\Users\wuyulong\workspace\ninetowns_ui\libs\umeng-analytics-v5.2.4.jar'
-keep class com.umeng.** { *; } 
-keepclassmembers class * {
public <init>(org.json.JSONObject);
}
-keep public class com.ninetowns.tootooplus.R$*{ public static final int *; }
-keep public class com.umeng.fb.ui.ThreadView { }
###############textview的换行显示########################
-libraryjars libs/android-custom-vg.2.6.0.jar
-keep class com.custom.vg.list.** { *; } 
############################# keep for baiducyberplayer sdk #############################
-libraryjars libs/Baidu_CyberPlayer_SDK_1.7s.jar
-keep class com.baidu.cyberplayer.**{*;}

############################# keep for BaiduLBS_Android sdk #############################
-libraryjars libs/BaiduLBS_Android.jar
-keep class com.baidu.mapapi.**{*;}

######多上传########
-libraryjars libs/httpmime-4.2.2.jar
-keep class org.apache.http.entity.mime.**{*;}
############极光推送混淆####################
-libraryjars libs/jpush-sdk-release1.7.3.jar
-dontwarn cn.jpush.** 
-keep class cn.jpush.** { *; }

-libraryjars libs/libammsdk.jar
-libraryjars libs/locSDK_3.1.jar
############################# keep for locSDK_3  ######################
-keep class com.baidu.location.**{*;}


-libraryjars libs/mechat_1.1.3.jar
-libraryjars libs/mframework.jar
############################# keep for pingyin4j  ######################
-libraryjars libs/pinyin4j-2.5.0.jar
-dontwarn demo.**
-keep class demo.**{*;}
-keep class javax.swing.**{*;}
-keep class java.awt.**{*;}

-libraryjars libs/ShareSDK-Core-2.5.9.jar
############################# keep for share sdk #############################

-libraryjars libs/ShareSDK-SinaWeibo-2.5.9.jar
############################# keep for sina weibo sdk #############################
-dontwarn com.sina.weibo.sdk.android.WeiboDialog
-dontwarn android.net.http.SslError
-dontwarn android.webkit.WebViewClient
-dontwarn com.sina.**
-keep class com.sina.weibo.sdk.**{*;}
-keep class cn.sharesdk.**{*;}
-keep class com.sina.**{*;}  
-keep class **.R$* {*;}  
-keep class **.R{*;}  
-dontwarn cn.sharesdk.**  
-dontwarn **.R$*  

-keep public class android.net.http.SslError{
     *;
}
-keep public class android.webkit.WebViewClient{
    *;
}
-keep public class android.webkit.WebChromeClient{
    *;
}
-keep public interface android.webkit.WebChromeClient$CustomViewCallback {
    *;
}
-keep public interface android.webkit.ValueCallback {
    *;
}
-keep class * implements android.webkit.WebChromeClient {
    *;
}
-libraryjars libs/ShareSDK-Wechat-2.5.9.jar
-libraryjars libs/ShareSDK-Wechat-Core-2.5.9.jar
-libraryjars libs/ShareSDK-Wechat-Moments-2.5.9.jar
-libraryjars libs/universal-image-loader-1.9.3.jar
-dontwarn com.nostra13.universalimageloader.**
-keep public class com.nostra13.universalimageloader.** {*;} 


-keep class com.google.gson.**{*;}
-keep class lidroid.xutils.**{*;}
-keep class com.ninetowns.tootooplus.onekeyshare.PlatformListFakeActivity
-keep class com.ninetowns.ui.widget.**{*;}
-keep class m.framework.**{*;}
############################# keep for opensns qq ######################
-keep class com.tencent.open.** {*;}

#########################################################################

############################# keep for wechat sdk #############################

-keep class com.tencent.mm.sdk.openapi.**{*;}


############################# keep for Serializable #############################
-keep class * implements java.io.Serializable {*;}
-keep class * implements android.os.Parcelable {*;}
##################################################################################







-keepattributes Exceptions,InnerClasses,Signature,Deprecated,SourceFile,LineNumberTable,LocalVariable*Table,*Annotation*,Synthetic,EnclosingMethod
-keepparameternames


# Keep - Applications. Keep all application classes, along with their 'main'
# methods.
-keepclasseswithmembers public class * {
    public static void main(java.lang.String[]);
}

# Keep - Library. Keep all public and protected classes, fields, and methods.
-keep public class * {
    public protected <fields>;
    public protected <methods>;
}

# Also keep - Enumerations. Keep the special static methods that are required in
# enumeration classes.
-keepclassmembers enum  * {
    public static **[] values();
    public static ** valueOf(java.lang.String);
}



-keepattributes *Annotation*
#-keep public class com.google.vending.licensing.ILicensingService
#-keep public class com.android.vending.licensing.ILicensingService
#-keep public class com.google.vending.licensing.ILicensingService
-keep public class com.ninetowns.ui.widget.arcmenu.ArcLayout
-keep public class com.ninetowns.tootooplus.helper.CreateActThirdChangeView

# For native methods, see http://proguard.sourceforge.net/manual/examples.html#native
-keepclasseswithmembernames class * {
    native <methods>;
}

# keep setters in Views so that animations can still work.
# see http://proguard.sourceforge.net/manual/examples.html#beans
-keepclassmembers public class * extends android.view.View {
   void set*(***);
   *** get*();
}

# We want to keep methods in Activity that could be used in the XML attribute onClick
-keepclassmembers class * extends android.app.Activity {
   public void *(android.view.View);
}

# For enumeration classes, see http://proguard.sourceforge.net/manual/examples.html#enumerations
-keepclassmembers enum * {
    public static **[] values();
    public static ** valueOf(java.lang.String);
}

-keep class * implements android.os.Parcelable {
  public static final android.os.Parcelable$Creator *;
}

-keepclassmembers class **.R$* {
    public static <fields>;
}

# The support library contains references to newer platform versions.
# Don't warn about those in case this app is linking against an older
# platform version.  We know about them, and they are safe.
-dontwarn android.support.**
-assumenosideeffects class android.util.Log {

public static boolean isLoggable(java.lang.String,int);

public static int v(...);

public static int i(...);

public static int w(...);

public static int d(...);

public static int e(...);

}