tootooplus/proguard/seeds.txt
com.ninetowns.ui.widget.arcmenu.ArcMenu
com.ninetowns.ui.widget.arcmenu.ArcMenu: ArcMenu(android.content.Context)
com.ninetowns.ui.widget.arcmenu.ArcMenu: ArcMenu(android.content.Context,android.util.AttributeSet)
com.ninetowns.ui.widget.arcmenu.FloatingActionButton
com.ninetowns.ui.widget.arcmenu.FloatingActionButton: void setPosition(int,android.view.ViewGroup$LayoutParams)
com.ninetowns.ui.widget.arcmenu.FloatingActionButton: void setContentView(android.view.View,android.widget.FrameLayout$LayoutParams)
com.ninetowns.ui.widget.arcmenu.FloatingActionButton: android.view.View getActivityContentView()
com.ninetowns.ui.widget.arcmenu.FloatingActionButton: android.view.WindowManager getWindowManager()
com.ninetowns.ui.widget.arcmenu.FloatingActionButton: void setBackgroundResource(android.graphics.drawable.Drawable)
com.ninetowns.ui.widget.arcmenu.MenuAnimationHandler$ActionType: com.ninetowns.ui.widget.arcmenu.MenuAnimationHandler$ActionType[] values()
com.ninetowns.ui.widget.arcmenu.MenuAnimationHandler$ActionType: com.ninetowns.ui.widget.arcmenu.MenuAnimationHandler$ActionType valueOf(java.lang.String)
com.ninetowns.ui.widget.arcmenu.RayLayout
com.ninetowns.ui.widget.arcmenu.RayLayout: RayLayout(android.content.Context)
com.ninetowns.ui.widget.arcmenu.RayLayout: RayLayout(android.content.Context,android.util.AttributeSet)
com.ninetowns.ui.widget.arcmenu.RayLayout: int getSuggestedMinimumHeight()
com.ninetowns.ui.widget.arcmenu.RayLayout: int getSuggestedMinimumWidth()
com.ninetowns.ui.widget.arcmenu.RayLayout: void setChildSize(int)
com.ninetowns.ui.widget.arcmenu.RayMenu
com.ninetowns.ui.widget.arcmenu.RayMenu: RayMenu(android.content.Context)
com.ninetowns.ui.widget.arcmenu.RayMenu: RayMenu(android.content.Context,android.util.AttributeSet)
com.ninetowns.ui.widget.arcmenu.SubActionButton
com.ninetowns.ui.widget.arcmenu.SubActionButton: void setContentView(android.view.View,android.widget.FrameLayout$LayoutParams)
com.ninetowns.ui.widget.arcmenu.SubActionButton: void setContentView(android.view.View)
com.ninetowns.ui.widget.arcmenu.SubActionButton: void setBackgroundResource(android.graphics.drawable.Drawable)
com.ninetowns.ui.widget.arcmenu.SystemOverlayMenuService
com.ninetowns.ui.widget.clipimageview.ClipImageView
com.ninetowns.ui.widget.clipimageview.ClipImageView: ClipImageView(android.content.Context)
com.ninetowns.ui.widget.clipimageview.ClipImageView: ClipImageView(android.content.Context,android.util.AttributeSet)
com.ninetowns.ui.widget.clipimageview.ClipImageView: ClipImageView(android.content.Context,android.util.AttributeSet,int)
com.ninetowns.ui.widget.clipimageview.ClipImageView: float getScale()
com.ninetowns.ui.widget.clipimageview.ClipImageView: android.graphics.Matrix getDisplayMatrix()
com.ninetowns.ui.widget.clipimageview.ClipView
com.ninetowns.ui.widget.clipimageview.ClipView: ClipView(android.content.Context)
com.ninetowns.ui.widget.clipimageview.ClipView: ClipView(android.content.Context,android.util.AttributeSet)
com.ninetowns.ui.widget.clipimageview.ClipView: ClipView(android.content.Context,android.util.AttributeSet,int)
com.ninetowns.ui.widget.clipimageview.ClipView: void setClipViewAttrs(int,int)
com.ninetowns.ui.widget.expandableview.EdgeEffectExpandableListView
com.ninetowns.ui.widget.expandableview.EdgeEffectExpandableListView: EdgeEffectExpandableListView(android.content.Context)
com.ninetowns.ui.widget.expandableview.EdgeEffectExpandableListView: EdgeEffectExpandableListView(android.content.Context,android.util.AttributeSet)
com.ninetowns.ui.widget.expandableview.EdgeEffectExpandableListView: EdgeEffectExpandableListView(android.content.Context,android.util.AttributeSet,int)
com.ninetowns.ui.widget.expandableview.EdgeEffectExpandableListView: void setEdgeEffectColor(int)