tootooplus/proguard/mapping.txt
com.baidu.cyberplayer.core.c$f -> com.baidu.cyberplayer.core.ax:
    boolean b(com.baidu.cyberplayer.core.c,int,int) -> b
com.baidu.cyberplayer.core.c$g -> com.baidu.cyberplayer.core.ay:
    void c(com.baidu.cyberplayer.core.c,int) -> c
com.baidu.cyberplayer.core.c$h -> com.baidu.cyberplayer.core.az:
    void d(com.baidu.cyberplayer.core.c,int) -> d
com.baidu.cyberplayer.core.c$i -> com.baidu.cyberplayer.core.ba:
    void b(com.baidu.cyberplayer.core.c) -> b
com.baidu.cyberplayer.core.c$j -> com.baidu.cyberplayer.core.bb:
    void c(com.baidu.cyberplayer.core.c) -> c
com.baidu.cyberplayer.core.c$k -> com.baidu.cyberplayer.core.bc:
    void a(com.baidu.cyberplayer.core.c,int,int) -> a
com.baidu.cyberplayer.core.c$l -> com.baidu.cyberplayer.core.bd:
    com.baidu.cyberplayer.core.c$l a -> a
    com.baidu.cyberplayer.core.c$l b -> b
    com.baidu.cyberplayer.core.c$l c -> c
    com.baidu.cyberplayer.core.c$l d -> d
    com.baidu.cyberplayer.core.c$l[] a -> e
    com.baidu.cyberplayer.core.c$l[] values() -> values
    com.baidu.cyberplayer.core.c$l valueOf(java.lang.String) -> valueOf
com.baidu.cyberplayer.core.d -> com.baidu.cyberplayer.core.be:
    java.lang.String a -> a
    com.baidu.cyberplayer.core.d$b a -> b
    com.baidu.cyberplayer.core.c a -> c
    java.lang.String b -> d
    com.baidu.cyberplayer.core.e a -> e
    com.baidu.cyberplayer.core.d$c a -> f
    int a -> g
    int b -> h
    boolean a -> i
    boolean b -> j
    java.lang.String c -> k
    java.lang.String d -> l
    android.content.Context a -> m
    android.os.Handler a -> n
    void a(int) -> a
    void b(int) -> b
    void a(boolean) -> a
    boolean a(java.lang.String) -> a
    boolean b(java.lang.String) -> b
    void a(java.lang.String) -> c
    void b(java.lang.String) -> d
    void a(com.baidu.cyberplayer.core.d$b) -> a
    void a(java.lang.String,com.baidu.cyberplayer.core.e) -> a
    double a() -> a
    double b() -> b
    java.lang.String a() -> c
    void a() -> d
    void b() -> e
    void c() -> f
    void a(double) -> a
    boolean a() -> g
    void d() -> h
    boolean b(com.baidu.cyberplayer.core.c,int,int) -> b
    void c(com.baidu.cyberplayer.core.c) -> c
    void a(com.baidu.cyberplayer.core.c,int) -> a
    void d(com.baidu.cyberplayer.core.c,int) -> d
    void c(com.baidu.cyberplayer.core.c,int) -> c
    boolean a(com.baidu.cyberplayer.core.c,int,int) -> a
    void b(com.baidu.cyberplayer.core.c) -> b
    void a(com.baidu.cyberplayer.core.c) -> a
    void b(com.baidu.cyberplayer.core.c,int) -> b
    int a() -> i
com.baidu.cyberplayer.core.d$a -> com.baidu.cyberplayer.core.bf:
    com.baidu.cyberplayer.core.d$a a -> a
    com.baidu.cyberplayer.core.d$a b -> b
    com.baidu.cyberplayer.core.d$a[] a -> c
    com.baidu.cyberplayer.core.d$a[] values() -> values
    com.baidu.cyberplayer.core.d$a valueOf(java.lang.String) -> valueOf
com.baidu.cyberplayer.core.d$b -> com.baidu.cyberplayer.core.bg:
    void onPlayStatusChanged(com.baidu.cyberplayer.core.d$c,int,int) -> a
    void onCacheStatusChanged(com.baidu.cyberplayer.core.d$a) -> a
    void onCachingUpdate(int) -> a
    void onPlayingBufferCache(int) -> b
    void onNetworkSpeedUpdate(int) -> c
    void OnCompletionWithParam(int) -> d
    void onSeekCompleted() -> f
    boolean onError(int,int) -> a
    void onPrePared() -> g
    void onCompletion() -> h
    void onInfo(int,int) -> b
com.baidu.cyberplayer.core.d$c -> com.baidu.cyberplayer.core.bh:
    com.baidu.cyberplayer.core.d$c a -> a
    com.baidu.cyberplayer.core.d$c b -> b
    com.baidu.cyberplayer.core.d$c c -> c
    com.baidu.cyberplayer.core.d$c[] a -> d
    com.baidu.cyberplayer.core.d$c[] values() -> values
    com.baidu.cyberplayer.core.d$c valueOf(java.lang.String) -> valueOf