tootooplus/proguard/usage.txt
com.baidu.mapapi.map.DotOptions
com.baidu.mapapi.map.Gradient:
    private java.util.HashMap a()
    int[] a(double)
    private static int a(int,int,float)
com.baidu.mapapi.map.Gradient$1
com.baidu.mapapi.map.Gradient$a
com.baidu.mapapi.map.GroundOverlay
com.baidu.mapapi.map.GroundOverlayOptions
com.baidu.mapapi.map.HeatMap:
    private com.baidu.mapapi.map.i f
    private java.util.Collection g
    private int h
    private com.baidu.mapapi.map.Gradient i
    private double j
    private com.baidu.mapapi.map.d k
    private int[] l
    private double[] m
    private double[] n
    public static final int DEFAULT_RADIUS
    public static final double DEFAULT_OPACITY
    private HeatMap(com.baidu.mapapi.map.HeatMap$Builder)
    public void removeHeatMap()
    private void b(java.util.Collection)
    private static java.util.Collection c(java.util.Collection)
    com.baidu.mapapi.map.j a(int,int,int)
    private synchronized boolean a(java.lang.String)
    private synchronized void b(java.lang.String)
    private synchronized com.baidu.mapapi.map.j c(java.lang.String)
    private synchronized void a(java.lang.String,com.baidu.mapapi.map.j)
    private void b(int,int,int)
    private void a(com.baidu.mapapi.map.Gradient)
    private double[] a(int)
    private static com.baidu.mapapi.map.j a(android.graphics.Bitmap)
    private static com.baidu.mapapi.map.d d(java.util.Collection)
    private static double[] a(int,double)
    private static double[][] a(double[][],double[])
    private static android.graphics.Bitmap a(double[][],int[],double)
    private static double a(java.util.Collection,com.baidu.mapapi.map.d,int,int)
    static synthetic java.util.Collection a(java.util.Collection)
com.baidu.mapapi.map.HeatMap$Builder
com.baidu.mapapi.map.InfoWindow:
    com.baidu.mapapi.map.BitmapDescriptor a
    com.baidu.mapapi.model.LatLng c
    int e
    public InfoWindow(android.view.View,com.baidu.mapapi.model.LatLng,int)
    public InfoWindow(com.baidu.mapapi.map.BitmapDescriptor,com.baidu.mapapi.model.LatLng,int,com.baidu.mapapi.map.InfoWindow$OnInfoWindowClickListener)
com.baidu.mapapi.map.MapFragment:
    private MapFragment(com.baidu.mapapi.map.BaiduMapOptions)
    public static com.baidu.mapapi.map.MapFragment newInstance()
    public static com.baidu.mapapi.map.MapFragment newInstance(com.baidu.mapapi.map.BaiduMapOptions)
    public com.baidu.mapapi.map.BaiduMap getBaiduMap()
    public com.baidu.mapapi.map.MapView getMapView()
com.baidu.mapapi.map.MapPoi:
    public java.lang.String getName()
    public com.baidu.mapapi.model.LatLng getPosition()
com.baidu.mapapi.map.MapStatus$Builder
com.baidu.mapapi.map.MapStatusUpdateFactory:
    MapStatusUpdateFactory()
    public static com.baidu.mapapi.map.MapStatusUpdate newMapStatus(com.baidu.mapapi.map.MapStatus)
    public static com.baidu.mapapi.map.MapStatusUpdate newLatLngBounds(com.baidu.mapapi.model.LatLngBounds)
    public static com.baidu.mapapi.map.MapStatusUpdate newLatLngBounds(com.baidu.mapapi.model.LatLngBounds,int,int)
    public static com.baidu.mapapi.map.MapStatusUpdate newLatLngZoom(com.baidu.mapapi.model.LatLng,float)
    public static com.baidu.mapapi.map.MapStatusUpdate scrollBy(int,int)
    public static com.baidu.mapapi.map.MapStatusUpdate zoomBy(float)
    public static com.baidu.mapapi.map.MapStatusUpdate zoomBy(float,android.graphics.Point)
    public static com.baidu.mapapi.map.MapStatusUpdate zoomIn()
    public static com.baidu.mapapi.map.MapStatusUpdate zoomOut()
    public static com.baidu.mapapi.map.MapStatusUpdate zoomTo(float)
com.baidu.mapapi.map.MapView:
    public void showZoomControls(boolean)
    public void showScaleControl(boolean)